#! /c/Source/iverilog-install/bin/vvp
:ivl_version "12.0 (devel)" "(s20150603-1110-g18392a46)";
:ivl_delay_selection "TYPICAL";
:vpi_time_precision - 9;
:vpi_module "C:\iverilog\lib\ivl\system.vpi";
:vpi_module "C:\iverilog\lib\ivl\vhdl_sys.vpi";
:vpi_module "C:\iverilog\lib\ivl\vhdl_textio.vpi";
:vpi_module "C:\iverilog\lib\ivl\v2005_math.vpi";
:vpi_module "C:\iverilog\lib\ivl\va_math.vpi";
S_000001344da794c0 .scope module, "dff16" "dff16" 2 1;
 .timescale 0 0;
    .port_info 0 /INPUT 1 "CLK";
    .port_info 1 /INPUT 1 "en";
    .port_info 2 /INPUT 1 "reset";
    .port_info 3 /INPUT 16 "Din";
    .port_info 4 /OUTPUT 16 "Qout";
o000001344da7a9a8 .functor BUFZ 1, C4<z>; HiZ drive
v000001344da4c460_0 .net "CLK", 0 0, o000001344da7a9a8;  0 drivers
o000001344da7a9d8 .functor BUFZ 16, C4<zzzzzzzzzzzzzzzz>; HiZ drive
v000001344da4cdc0_0 .net "Din", 15 0, o000001344da7a9d8;  0 drivers
v000001344da4d220_0 .var "Qout", 15 0;
o000001344da7aa38 .functor BUFZ 1, C4<z>; HiZ drive
v000001344da4d2c0_0 .net "en", 0 0, o000001344da7aa38;  0 drivers
o000001344da7aa68 .functor BUFZ 1, C4<z>; HiZ drive
v000001344da4c5a0_0 .net "reset", 0 0, o000001344da7aa68;  0 drivers
E_000001344da51240 .event posedge, v000001344da4c460_0;
S_000001344da543b0 .scope module, "psdsqrt_tb" "psdsqrt_tb" 3 19;
 .timescale -9 -9;
P_000001344d8ba1e0 .param/l "CLOCK_PERIOD" 0 3 22, +C4<00000000000000000000000000001010>;
P_000001344d8ba218 .param/l "MAX_SIM_TIME" 0 3 23, +C4<00000101111101011110000100000000>;
v000001344dad1f80_0 .var "NBITSIN", 5 0;
v000001344dad1620_0 .var/s "captured_data", 21 0;
v000001344dad1760_0 .var "clock", 0 0;
v000001344dad2200_0 .var/i "data_file", 31 0;
v000001344dad22a0_0 .var "reset", 0 0;
v000001344dad23e0_0 .var/i "scan_file", 31 0;
v000001344dad2980_0 .net "sqrt", 31 0, v000001344dad14e0_0;  1 drivers
v000001344dad28e0_0 .var "start", 0 0;
v000001344dad0ae0_0 .var "stop", 0 0;
v000001344dad2cd0_0 .var "x", 63 0;
S_000001344d8bd780 .scope task, "execsqrt" "execsqrt" 3 142, 3 142 0, S_000001344da543b0;
 .timescale -9 -9;
v000001344da4cd20_0 .var "xin", 31 0;
E_000001344da51100 .event negedge, v000001344da4c820_0;
E_000001344da51680 .event posedge, v000001344da4c820_0;
TD_psdsqrt_tb.execsqrt ;
    %load/vec4 v000001344da4cd20_0;
    %pad/u 64;
    %store/vec4 v000001344dad2cd0_0, 0, 64;
    %wait E_000001344da51100;
    %pushi/vec4 1, 0, 1;
    %store/vec4 v000001344dad28e0_0, 0, 1;
    %wait E_000001344da51100;
    %pushi/vec4 0, 0, 1;
    %store/vec4 v000001344dad28e0_0, 0, 1;
    %pushi/vec4 16, 0, 32;
T_0.0 %dup/vec4;
    %pushi/vec4 0, 0, 32;
    %cmp/s;
    %jmp/1xz T_0.1, 5;
    %jmp/1 T_0.1, 4;
    %pushi/vec4 1, 0, 32;
    %sub;
    %wait E_000001344da51680;
    %jmp T_0.0;
T_0.1 ;
    %pop/vec4 1;
    %wait E_000001344da51100;
    %pushi/vec4 1, 0, 1;
    %store/vec4 v000001344dad0ae0_0, 0, 1;
    %wait E_000001344da51100;
    %pushi/vec4 0, 0, 1;
    %store/vec4 v000001344dad0ae0_0, 0, 1;
    %wait E_000001344da51100;
    %vpi_call 3 161 "$display", "SQRT(%d) = %d", v000001344dad2cd0_0, v000001344dad2980_0 {0 0 0};
    %end;
S_000001344d8bd910 .scope function.vec4.s16, "golden_sqrt" "golden_sqrt" 3 173, 3 173 0, S_000001344da543b0;
 .timescale -9 -9;
; Variable golden_sqrt is vec4 return value of scope S_000001344d8bd910
v000001344da4d0e0_0 .var/i "i", 31 0;
v000001344da4d180_0 .var "mask", 15 0;
v000001344da4c640_0 .var "temproot", 15 0;
v000001344da4d360_0 .var "xin", 31 0;
TD_psdsqrt_tb.golden_sqrt ;
    %pushi/vec4 32768, 0, 16;
    %store/vec4 v000001344da4d180_0, 0, 16;
    %pushi/vec4 0, 0, 16;
    %store/vec4 v000001344da4c640_0, 0, 16;
    %pushi/vec4 0, 0, 32;
    %store/vec4 v000001344da4d0e0_0, 0, 32;
T_1.2 ;
    %load/vec4 v000001344da4d0e0_0;
    %cmpi/s 16, 0, 32;
    %jmp/0xz T_1.3, 5;
    %load/vec4 v000001344da4c640_0;
    %pad/u 32;
    %load/vec4 v000001344da4d180_0;
    %pad/u 32;
    %or;
    %load/vec4 v000001344da4c640_0;
    %pad/u 32;
    %load/vec4 v000001344da4d180_0;
    %pad/u 32;
    %or;
    %mul;
    %load/vec4 v000001344da4d360_0;
    %cmp/u;
    %flag_or 5, 4;
    %jmp/0xz  T_1.4, 5;
    %load/vec4 v000001344da4c640_0;
    %load/vec4 v000001344da4d180_0;
    %or;
    %store/vec4 v000001344da4c640_0, 0, 16;
T_1.4 ;
    %load/vec4 v000001344da4d180_0;
    %ix/load 4, 1, 0;
    %flag_set/imm 4, 0;
    %shiftr 4;
    %store/vec4 v000001344da4d180_0, 0, 16;
    %load/vec4 v000001344da4d0e0_0;
    %addi 1, 0, 32;
    %store/vec4 v000001344da4d0e0_0, 0, 32;
    %jmp T_1.2;
T_1.3 ;
    %load/vec4 v000001344da4c640_0;
    %ret/vec4 0, 0, 16;  Assign to golden_sqrt (store_vec4_to_lval)
    %end;
S_000001344d8bdaa0 .scope module, "psdsqrt_1" "psdsqrt" 3 36, 4 1 0, S_000001344da543b0;
 .timescale 0 0;
    .port_info 0 /INPUT 1 "clock";
    .port_info 1 /INPUT 1 "reset";
    .port_info 2 /INPUT 1 "start";
    .port_info 3 /INPUT 1 "stop";
    .port_info 4 /INPUT 6 "NBITSIN";
    .port_info 5 /INPUT 64 "xin";
    .port_info 6 /OUTPUT 32 "sqrt";
L_000001344da50630 .functor AND 64, v000001344dad2cd0_0, L_000001344dad2eb0, C4<1111111111111111111111111111111111111111111111111111111111111111>, C4<1111111111111111111111111111111111111111111111111111111111111111>;
L_000001344da50320 .functor OR 32, v000001344dad1800_0, v000001344dad18a0_0, C4<00000000000000000000000000000000>, C4<00000000000000000000000000000000>;
v000001344dad25c0_0 .net "NBITSIN", 5 0, v000001344dad1f80_0;  1 drivers
v000001344dad0b80_0 .net "Q", 63 0, v000001344dad19e0_0;  1 drivers
v000001344dad1a80_0 .net *"_ivl_0", 63 0, L_000001344dad2eb0;  1 drivers
v000001344dad0cc0_0 .net *"_ivl_10", 63 0, L_000001344dad4350;  1 drivers
L_000001344db10118 .functor BUFT 1, C4<00000000000000000000000000000000>, C4<0>, C4<0>, C4<0>;
v000001344dad11c0_0 .net *"_ivl_13", 31 0, L_000001344db10118;  1 drivers
L_000001344db10160 .functor BUFT 1, C4<00000000000000000000000000000001>, C4<0>, C4<0>, C4<0>;
v000001344dad1260_0 .net/2u *"_ivl_18", 31 0, L_000001344db10160;  1 drivers
v000001344dad1940_0 .net *"_ivl_20", 31 0, L_000001344dad3310;  1 drivers
L_000001344db101a8 .functor BUFT 1, C4<00000000000000000000000000>, C4<0>, C4<0>, C4<0>;
v000001344dad0ea0_0 .net *"_ivl_23", 25 0, L_000001344db101a8;  1 drivers
L_000001344db101f0 .functor BUFT 1, C4<00000000000000000000000000000010>, C4<0>, C4<0>, C4<0>;
v000001344dad2660_0 .net/2u *"_ivl_24", 31 0, L_000001344db101f0;  1 drivers
v000001344dad0f40_0 .net *"_ivl_26", 31 0, L_000001344dad2f50;  1 drivers
L_000001344db10238 .functor BUFT 1, C4<00000000000000000000000000000001>, C4<0>, C4<0>, C4<0>;
v000001344dad1c60_0 .net/2u *"_ivl_28", 31 0, L_000001344db10238;  1 drivers
L_000001344db10088 .functor BUFT 1, C4<00000000000000000000000000000000>, C4<0>, C4<0>, C4<0>;
v000001344dad1d00_0 .net *"_ivl_3", 31 0, L_000001344db10088;  1 drivers
v000001344dad2700_0 .net *"_ivl_30", 31 0, L_000001344dad42b0;  1 drivers
L_000001344db10280 .functor BUFT 1, C4<00000000000000000000000000000001>, C4<0>, C4<0>, C4<0>;
v000001344dad1b20_0 .net/2u *"_ivl_34", 31 0, L_000001344db10280;  1 drivers
v000001344dad0fe0_0 .net *"_ivl_36", 31 0, L_000001344dad3a90;  1 drivers
L_000001344db102c8 .functor BUFT 1, C4<00000000000000000000000000000001>, C4<0>, C4<0>, C4<0>;
v000001344dad1bc0_0 .net/2u *"_ivl_38", 31 0, L_000001344db102c8;  1 drivers
v000001344dad2480_0 .net *"_ivl_6", 63 0, L_000001344dad3810;  1 drivers
L_000001344db100d0 .functor BUFT 1, C4<00000000000000000000000000000000>, C4<0>, C4<0>, C4<0>;
v000001344dad2840_0 .net *"_ivl_9", 31 0, L_000001344db100d0;  1 drivers
v000001344dad27a0_0 .net "aux", 31 0, v000001344dad20c0_0;  1 drivers
v000001344dad1080_0 .net "aux2", 31 0, L_000001344dad3db0;  1 drivers
v000001344dad1300_0 .net "aux3", 31 0, L_000001344dad2c30;  1 drivers
v000001344dad1e40_0 .net "clock", 0 0, v000001344dad1760_0;  1 drivers
v000001344dad1ee0_0 .var "leftD", 31 0;
v000001344dad13a0_0 .net "reset", 0 0, v000001344dad22a0_0;  1 drivers
v000001344dad1440_0 .var "rightD", 31 0;
v000001344dad18a0_0 .var "rightQ", 31 0;
v000001344dad14e0_0 .var "sqrt", 31 0;
v000001344dad2340_0 .net "sqtestsqrt", 63 0, L_000001344dad3950;  1 drivers
v000001344dad1580_0 .net "start", 0 0, v000001344dad28e0_0;  1 drivers
v000001344dad2160_0 .net "stop", 0 0, v000001344dad0ae0_0;  1 drivers
v000001344dad1800_0 .var "tempsqrt", 31 0;
v000001344dad1da0_0 .net "testsqrt", 31 0, L_000001344da50320;  1 drivers
v000001344dad16c0_0 .net "xin", 63 0, v000001344dad2cd0_0;  1 drivers
E_000001344da51600/0 .event anyedge, v000001344dad2520_0, v000001344dad19e0_0, v000001344dad2340_0, v000001344dad1da0_0;
E_000001344da51600/1 .event anyedge, v000001344dad0c20_0, v000001344dad1080_0, v000001344dad18a0_0, v000001344dad20c0_0;
E_000001344da51600 .event/or E_000001344da51600/0, E_000001344da51600/1;
L_000001344dad2eb0 .concat [ 32 32 0 0], L_000001344dad2c30, L_000001344db10088;
L_000001344dad3810 .concat [ 32 32 0 0], L_000001344da50320, L_000001344db100d0;
L_000001344dad4350 .concat [ 32 32 0 0], L_000001344da50320, L_000001344db10118;
L_000001344dad3950 .arith/mult 64, L_000001344dad3810, L_000001344dad4350;
L_000001344dad3310 .concat [ 6 26 0 0], v000001344dad1f80_0, L_000001344db101a8;
L_000001344dad2f50 .arith/div 32, L_000001344dad3310, L_000001344db101f0;
L_000001344dad42b0 .arith/sub 32, L_000001344dad2f50, L_000001344db10238;
L_000001344dad3db0 .shift/l 32, L_000001344db10160, L_000001344dad42b0;
L_000001344dad3a90 .shift/l 32, L_000001344db10280, v000001344dad1f80_0;
L_000001344dad2c30 .arith/sub 32, L_000001344dad3a90, L_000001344db102c8;
S_000001344da60db0 .scope module, "init" "dff64" 4 38, 5 1 0, S_000001344d8bdaa0;
 .timescale 0 0;
    .port_info 0 /INPUT 1 "CLK";
    .port_info 1 /INPUT 1 "en";
    .port_info 2 /INPUT 1 "reset";
    .port_info 3 /INPUT 64 "Din";
    .port_info 4 /OUTPUT 64 "Qout";
v000001344da4c820_0 .net "CLK", 0 0, v000001344dad1760_0;  alias, 1 drivers
v000001344da4c8c0_0 .net "Din", 63 0, L_000001344da50630;  1 drivers
v000001344dad19e0_0 .var "Qout", 63 0;
v000001344dad2520_0 .net "en", 0 0, v000001344dad28e0_0;  alias, 1 drivers
v000001344dad2020_0 .net "reset", 0 0, v000001344dad22a0_0;  alias, 1 drivers
S_000001344da60f40 .scope module, "out" "dff32" 4 46, 6 1 0, S_000001344d8bdaa0;
 .timescale 0 0;
    .port_info 0 /INPUT 1 "CLK";
    .port_info 1 /INPUT 1 "en";
    .port_info 2 /INPUT 1 "reset";
    .port_info 3 /INPUT 32 "Din";
    .port_info 4 /OUTPUT 32 "Qout";
v000001344dad0d60_0 .net "CLK", 0 0, v000001344dad1760_0;  alias, 1 drivers
v000001344dad0c20_0 .net "Din", 31 0, v000001344dad1800_0;  1 drivers
v000001344dad20c0_0 .var "Qout", 31 0;
v000001344dad1120_0 .net "en", 0 0, v000001344dad0ae0_0;  alias, 1 drivers
v000001344dad0e00_0 .net "reset", 0 0, v000001344dad22a0_0;  alias, 1 drivers
    .scope S_000001344da794c0;
T_2 ;
    %wait E_000001344da51240;
    %load/vec4 v000001344da4c5a0_0;
    %flag_set/vec4 8;
    %jmp/0xz  T_2.0, 8;
    %pushi/vec4 0, 0, 16;
    %assign/vec4 v000001344da4d220_0, 0;
    %jmp T_2.1;
T_2.0 ;
    %load/vec4 v000001344da4d2c0_0;
    %flag_set/vec4 8;
    %jmp/0xz  T_2.2, 8;
    %load/vec4 v000001344da4cdc0_0;
    %assign/vec4 v000001344da4d220_0, 0;
T_2.2 ;
T_2.1 ;
    %jmp T_2;
    .thread T_2;
    .scope S_000001344da60db0;
T_3 ;
    %wait E_000001344da51680;
    %load/vec4 v000001344dad2020_0;
    %flag_set/vec4 8;
    %jmp/0xz  T_3.0, 8;
    %pushi/vec4 0, 0, 64;
    %assign/vec4 v000001344dad19e0_0, 0;
    %jmp T_3.1;
T_3.0 ;
    %load/vec4 v000001344dad2520_0;
    %flag_set/vec4 8;
    %jmp/0xz  T_3.2, 8;
    %load/vec4 v000001344da4c8c0_0;
    %assign/vec4 v000001344dad19e0_0, 0;
T_3.2 ;
T_3.1 ;
    %jmp T_3;
    .thread T_3;
    .scope S_000001344da60f40;
T_4 ;
    %wait E_000001344da51680;
    %load/vec4 v000001344dad0e00_0;
    %flag_set/vec4 8;
    %jmp/0xz  T_4.0, 8;
    %pushi/vec4 0, 0, 32;
    %assign/vec4 v000001344dad20c0_0, 0;
    %jmp T_4.1;
T_4.0 ;
    %load/vec4 v000001344dad1120_0;
    %flag_set/vec4 8;
    %jmp/0xz  T_4.2, 8;
    %load/vec4 v000001344dad0c20_0;
    %assign/vec4 v000001344dad20c0_0, 0;
T_4.2 ;
T_4.1 ;
    %jmp T_4;
    .thread T_4;
    .scope S_000001344d8bdaa0;
T_5 ;
    %wait E_000001344da51680;
    %load/vec4 v000001344dad13a0_0;
    %flag_set/vec4 8;
    %jmp/0xz  T_5.0, 8;
    %pushi/vec4 0, 0, 32;
    %assign/vec4 v000001344dad1800_0, 0;
    %pushi/vec4 0, 0, 32;
    %assign/vec4 v000001344dad18a0_0, 0;
    %jmp T_5.1;
T_5.0 ;
    %load/vec4 v000001344dad1ee0_0;
    %assign/vec4 v000001344dad1800_0, 0;
    %load/vec4 v000001344dad1440_0;
    %assign/vec4 v000001344dad18a0_0, 0;
T_5.1 ;
    %jmp T_5;
    .thread T_5;
    .scope S_000001344d8bdaa0;
T_6 ;
    %wait E_000001344da51600;
    %load/vec4 v000001344dad1580_0;
    %flag_set/vec4 8;
    %jmp/0xz  T_6.0, 8;
    %pushi/vec4 0, 0, 32;
    %store/vec4 v000001344dad1ee0_0, 0, 32;
    %jmp T_6.1;
T_6.0 ;
    %load/vec4 v000001344dad2340_0;
    %load/vec4 v000001344dad0b80_0;
    %cmp/u;
    %flag_or 5, 4;
    %jmp/0xz  T_6.2, 5;
    %load/vec4 v000001344dad1da0_0;
    %store/vec4 v000001344dad1ee0_0, 0, 32;
    %jmp T_6.3;
T_6.2 ;
    %load/vec4 v000001344dad1800_0;
    %store/vec4 v000001344dad1ee0_0, 0, 32;
T_6.3 ;
T_6.1 ;
    %load/vec4 v000001344dad1580_0;
    %flag_set/vec4 8;
    %jmp/0xz  T_6.4, 8;
    %load/vec4 v000001344dad1080_0;
    %assign/vec4 v000001344dad1440_0, 0;
    %jmp T_6.5;
T_6.4 ;
    %load/vec4 v000001344dad18a0_0;
    %ix/load 4, 1, 0;
    %flag_set/imm 4, 0;
    %shiftr 4;
    %store/vec4 v000001344dad1440_0, 0, 32;
T_6.5 ;
    %load/vec4 v000001344dad27a0_0;
    %store/vec4 v000001344dad14e0_0, 0, 32;
    %jmp T_6;
    .thread T_6, $push;
    .scope S_000001344da543b0;
T_7 ;
    %pushi/vec4 6, 0, 6;
    %store/vec4 v000001344dad1f80_0, 0, 6;
    %pushi/vec4 0, 0, 1;
    %store/vec4 v000001344dad1760_0, 0, 1;
    %pushi/vec4 0, 0, 1;
    %store/vec4 v000001344dad22a0_0, 0, 1;
    %pushi/vec4 0, 0, 64;
    %store/vec4 v000001344dad2cd0_0, 0, 64;
    %pushi/vec4 0, 0, 1;
    %store/vec4 v000001344dad28e0_0, 0, 1;
    %pushi/vec4 0, 0, 1;
    %store/vec4 v000001344dad0ae0_0, 0, 1;
    %end;
    .thread T_7;
    .scope S_000001344da543b0;
T_8 ;
T_8.0 ;
    %delay 5, 0;
    %load/vec4 v000001344dad1760_0;
    %inv;
    %store/vec4 v000001344dad1760_0, 0, 1;
    %jmp T_8.0;
    %end;
    .thread T_8;
    .scope S_000001344da543b0;
T_9 ;
    %delay 3, 0;
    %pushi/vec4 1, 0, 1;
    %store/vec4 v000001344dad22a0_0, 0, 1;
    %delay 20, 0;
    %pushi/vec4 0, 0, 1;
    %store/vec4 v000001344dad22a0_0, 0, 1;
    %end;
    .thread T_9;
    .scope S_000001344da543b0;
T_10 ;
    %delay 100000000, 0;
    %vpi_call 3 86 "$stop" {0 0 0};
    %end;
    .thread T_10;
    .scope S_000001344da543b0;
T_11 ;
    %vpi_call 3 91 "$dumpfile", "mysimdata.vcd" {0 0 0};
    %vpi_call 3 92 "$dumpvars", 32'sb00000000000000000000000000000000, S_000001344da543b0 {0 0 0};
    %end;
    .thread T_11;
    .scope S_000001344da543b0;
T_12 ;
    %vpi_func 3 105 "$fopen" 32, "simargs.txt", "r" {0 0 0};
    %store/vec4 v000001344dad2200_0, 0, 32;
    %load/vec4 v000001344dad2200_0;
    %cmpi/e 0, 0, 32;
    %jmp/0xz  T_12.0, 4;
    %vpi_call 3 107 "$display", "data_file handle was NULL" {0 0 0};
    %vpi_call 3 108 "$finish" {0 0 0};
T_12.0 ;
    %end;
    .thread T_12;
    .scope S_000001344da543b0;
T_13 ;
    %wait E_000001344da51680;
    %vpi_func 3 113 "$fscanf" 32, v000001344dad2200_0, "%d\012", v000001344dad1620_0 {0 0 0};
    %store/vec4 v000001344dad23e0_0, 0, 32;
    %vpi_func 3 114 "$feof" 32, v000001344dad2200_0 {0 0 0};
    %nor/r;
    %flag_set/vec4 8;
    %jmp/0xz  T_13.0, 8;
T_13.0 ;
    %jmp T_13;
    .thread T_13;
    .scope S_000001344da543b0;
T_14 ;
    %delay 100, 0;
    %load/vec4 v000001344dad1620_0;
    %pad/s 32;
    %store/vec4 v000001344da4cd20_0, 0, 32;
    %fork TD_psdsqrt_tb.execsqrt, S_000001344d8bd780;
    %join;
    %load/vec4 v000001344dad1620_0;
    %pad/s 32;
    %store/vec4 v000001344da4d360_0, 0, 32;
    %callf/vec4 TD_psdsqrt_tb.golden_sqrt, S_000001344d8bd910;
    %vpi_call 3 129 "$display", "%d", S<0,vec4,u16> {1 0 0};
    %vpi_call 3 131 "$display", "Groupid = %h", " " {0 0 0};
    %delay 100, 0;
    %vpi_call 3 136 "$stop" {0 0 0};
    %end;
    .thread T_14;
# The file index is used to find the file name in the following table.
:file_names 7;
    "N/A";
    "<interactive>";
    "../src/verilog/rtl/dff16.v";
    "../src/verilog/testbench/psdsqrt_tb.v";
    "../src/verilog/rtl/psdsqrt.v";
    "../src/verilog/rtl/dff64.v";
    "../src/verilog/rtl/dff32.v";
